Copyright 1986-2016 Xilinx, Inc. All Rights Reserved.
-------------------------------------------------------------------------------------------------------------------------------------------------------
| Tool Version : Vivado v.2016.1 (win64) Build 1538259 Fri Apr  8 15:45:27 MDT 2016
| Date         : Fri Jun 02 14:33:42 2017
| Host         : mecha-3 running 64-bit Service Pack 1  (build 7601)
| Command      : report_timing_summary -warn_on_violation -max_paths 10 -file kct_TOP_timing_summary_routed.rpt -rpx kct_TOP_timing_summary_routed.rpx
| Design       : kct_TOP
| Device       : 7a35t-cpg236
| Speed File   : -1  PRODUCTION 1.14 2014-09-11
-------------------------------------------------------------------------------------------------------------------------------------------------------

Timing Summary Report

------------------------------------------------------------------------------------------------
| Timer Settings
| --------------
------------------------------------------------------------------------------------------------

  Enable Multi Corner Analysis               :  Yes
  Enable Pessimism Removal                   :  Yes
  Pessimism Removal Resolution               :  Nearest Common Node
  Enable Input Delay Default Clock           :  No
  Enable Preset / Clear Arcs                 :  No
  Disable Flight Delays                      :  No
  Ignore I/O Paths                           :  No
  Timing Early Launch at Borrowing Latches   :  false

  Corner  Analyze    Analyze    
  Name    Max Paths  Min Paths  
  ------  ---------  ---------  
  Slow    Yes        Yes        
  Fast    Yes        Yes        



check_timing report

Table of Contents
-----------------
1. checking no_clock
2. checking constant_clock
3. checking pulse_width_clock
4. checking unconstrained_internal_endpoints
5. checking no_input_delay
6. checking no_output_delay
7. checking multiple_clock
8. checking generated_clocks
9. checking loops
10. checking partial_input_delay
11. checking partial_output_delay
12. checking latch_loops

1. checking no_clock
--------------------
 There are 227 register/latch pins with no clock driven by root clock pin: sclk_unbuf_reg/C (HIGH)


2. checking constant_clock
--------------------------
 There are 0 register/latch pins with constant_clock.


3. checking pulse_width_clock
-----------------------------
 There are 0 register/latch pins which need pulse_width check


4. checking unconstrained_internal_endpoints
--------------------------------------------
 There are 1484 pins that are not constrained for maximum delay. (HIGH)

 There are 0 pins that are not constrained for maximum delay due to constant clock.


5. checking no_input_delay
--------------------------
 There are 8 input ports with no input delay specified. (HIGH)

 There are 0 input ports with no input delay but user has a false path constraint.


6. checking no_output_delay
---------------------------
 There are 13 ports with no output delay specified. (HIGH)

 There are 0 ports with no output delay but user has a false path constraint

 There are 0 ports with no output delay but with a timing clock defined on it or propagating through it


7. checking multiple_clock
--------------------------
 There are 0 register/latch pins with multiple clocks.


8. checking generated_clocks
----------------------------
 There are 0 generated clocks that are not connected to a clock source.


9. checking loops
-----------------
 There are 0 combinational loops in the design.


10. checking partial_input_delay
--------------------------------
 There are 0 input ports with partial input delay specified.


11. checking partial_output_delay
---------------------------------
 There are 0 ports with partial output delay specified.


12. checking latch_loops
------------------------
 There are 0 combinational latch loops in the design through latch input



------------------------------------------------------------------------------------------------
| Design Timing Summary
| ---------------------
------------------------------------------------------------------------------------------------

    WNS(ns)      TNS(ns)  TNS Failing Endpoints  TNS Total Endpoints      WHS(ns)      THS(ns)  THS Failing Endpoints  THS Total Endpoints     WPWS(ns)     TPWS(ns)  TPWS Failing Endpoints  TPWS Total Endpoints  
    -------      -------  ---------------------  -------------------      -------      -------  ---------------------  -------------------     --------     --------  ----------------------  --------------------  
      8.744        0.000                      0                    3        0.280        0.000                      0                    3        4.500        0.000                       0                     4  


All user specified timing constraints are met.


------------------------------------------------------------------------------------------------
| Clock Summary
| -------------
------------------------------------------------------------------------------------------------

Clock        Waveform(ns)       Period(ns)      Frequency(MHz)
-----        ------------       ----------      --------------
sys_clk_pin  {0.000 5.000}      10.000          100.000         


------------------------------------------------------------------------------------------------
| Intra Clock Table
| -----------------
------------------------------------------------------------------------------------------------

Clock             WNS(ns)      TNS(ns)  TNS Failing Endpoints  TNS Total Endpoints      WHS(ns)      THS(ns)  THS Failing Endpoints  THS Total Endpoints     WPWS(ns)     TPWS(ns)  TPWS Failing Endpoints  TPWS Total Endpoints  
-----             -------      -------  ---------------------  -------------------      -------      -------  ---------------------  -------------------     --------     --------  ----------------------  --------------------  
sys_clk_pin         8.744        0.000                      0                    3        0.280        0.000                      0                    3        4.500        0.000                       0                     4  


------------------------------------------------------------------------------------------------
| Inter Clock Table
| -----------------
------------------------------------------------------------------------------------------------

From Clock    To Clock          WNS(ns)      TNS(ns)  TNS Failing Endpoints  TNS Total Endpoints      WHS(ns)      THS(ns)  THS Failing Endpoints  THS Total Endpoints  
----------    --------          -------      -------  ---------------------  -------------------      -------      -------  ---------------------  -------------------  


------------------------------------------------------------------------------------------------
| Other Path Groups Table
| -----------------------
------------------------------------------------------------------------------------------------

Path Group    From Clock    To Clock          WNS(ns)      TNS(ns)  TNS Failing Endpoints  TNS Total Endpoints      WHS(ns)      THS(ns)  THS Failing Endpoints  THS Total Endpoints  
----------    ----------    --------          -------      -------  ---------------------  -------------------      -------      -------  ---------------------  -------------------  


------------------------------------------------------------------------------------------------
| Timing Details
| --------------
------------------------------------------------------------------------------------------------


---------------------------------------------------------------------------------------------------
From Clock:  sys_clk_pin
  To Clock:  sys_clk_pin

Setup :            0  Failing Endpoints,  Worst Slack        8.744ns,  Total Violation        0.000ns
Hold  :            0  Failing Endpoints,  Worst Slack        0.280ns,  Total Violation        0.000ns
PW    :            0  Failing Endpoints,  Worst Slack        4.500ns,  Total Violation        0.000ns
---------------------------------------------------------------------------------------------------


Max Delay Paths
--------------------------------------------------------------------------------------
Slack (MET) :             8.744ns  (required time - arrival time)
  Source:                 sclkdiv_reg[0]/C
                            (rising edge-triggered cell FDRE clocked by sys_clk_pin  {rise@0.000ns fall@5.000ns period=10.000ns})
  Destination:            sclkdiv_reg[0]/D
                            (rising edge-triggered cell FDRE clocked by sys_clk_pin  {rise@0.000ns fall@5.000ns period=10.000ns})
  Path Group:             sys_clk_pin
  Path Type:              Setup (Max at Slow Process Corner)
  Requirement:            10.000ns  (sys_clk_pin rise@10.000ns - sys_clk_pin rise@0.000ns)
  Data Path Delay:        1.252ns  (logic 0.580ns (46.336%)  route 0.672ns (53.664%))
  Logic Levels:           1  (LUT1=1)
  Clock Path Skew:        0.000ns (DCD - SCD + CPR)
    Destination Clock Delay (DCD):    4.786ns = ( 14.786 - 10.000 ) 
    Source Clock Delay      (SCD):    5.086ns
    Clock Pessimism Removal (CPR):    0.300ns
  Clock Uncertainty:      0.035ns  ((TSJ^2 + TIJ^2)^1/2 + DJ) / 2 + PE
    Total System Jitter     (TSJ):    0.071ns
    Total Input Jitter      (TIJ):    0.000ns
    Discrete Jitter          (DJ):    0.000ns
    Phase Error              (PE):    0.000ns

    Location             Delay type                Incr(ns)  Path(ns)    Netlist Resource(s)
  -------------------------------------------------------------------    -------------------
                         (clock sys_clk_pin rise edge)
                                                      0.000     0.000 r  
    W5                                                0.000     0.000 r  mclk (IN)
                         net (fo=0)                   0.000     0.000    mclk
    W5                   IBUF (Prop_ibuf_I_O)         1.458     1.458 r  mclk_IBUF_inst/O
                         net (fo=1, routed)           1.967     3.425    mclk_IBUF
    BUFGCTRL_X0Y1        BUFG (Prop_bufg_I_O)         0.096     3.521 r  mclk_IBUF_BUFG_inst/O
                         net (fo=3, routed)           1.565     5.086    mclk_IBUF_BUFG
    SLICE_X36Y46         FDRE                                         r  sclkdiv_reg[0]/C
  -------------------------------------------------------------------    -------------------
    SLICE_X36Y46         FDRE (Prop_fdre_C_Q)         0.456     5.542 f  sclkdiv_reg[0]/Q
                         net (fo=3, routed)           0.672     6.214    sclkdiv[0]
    SLICE_X36Y46         LUT1 (Prop_lut1_I0_O)        0.124     6.338 r  sclkdiv[0]_i_1/O
                         net (fo=1, routed)           0.000     6.338    sclkdiv[0]_i_1_n_0
    SLICE_X36Y46         FDRE                                         r  sclkdiv_reg[0]/D
  -------------------------------------------------------------------    -------------------

                         (clock sys_clk_pin rise edge)
                                                     10.000    10.000 r  
    W5                                                0.000    10.000 r  mclk (IN)
                         net (fo=0)                   0.000    10.000    mclk
    W5                   IBUF (Prop_ibuf_I_O)         1.388    11.388 r  mclk_IBUF_inst/O
                         net (fo=1, routed)           1.862    13.250    mclk_IBUF
    BUFGCTRL_X0Y1        BUFG (Prop_bufg_I_O)         0.091    13.341 r  mclk_IBUF_BUFG_inst/O
                         net (fo=3, routed)           1.445    14.786    mclk_IBUF_BUFG
    SLICE_X36Y46         FDRE                                         r  sclkdiv_reg[0]/C
                         clock pessimism              0.300    15.086    
                         clock uncertainty           -0.035    15.051    
    SLICE_X36Y46         FDRE (Setup_fdre_C_D)        0.031    15.082    sclkdiv_reg[0]
  -------------------------------------------------------------------
                         required time                         15.082    
                         arrival time                          -6.338    
  -------------------------------------------------------------------
                         slack                                  8.744    

Slack (MET) :             8.745ns  (required time - arrival time)
  Source:                 sclkdiv_reg[0]/C
                            (rising edge-triggered cell FDRE clocked by sys_clk_pin  {rise@0.000ns fall@5.000ns period=10.000ns})
  Destination:            sclk_unbuf_reg/D
                            (rising edge-triggered cell FDRE clocked by sys_clk_pin  {rise@0.000ns fall@5.000ns period=10.000ns})
  Path Group:             sys_clk_pin
  Path Type:              Setup (Max at Slow Process Corner)
  Requirement:            10.000ns  (sys_clk_pin rise@10.000ns - sys_clk_pin rise@0.000ns)
  Data Path Delay:        1.249ns  (logic 0.580ns (46.436%)  route 0.669ns (53.564%))
  Logic Levels:           1  (LUT3=1)
  Clock Path Skew:        0.000ns (DCD - SCD + CPR)
    Destination Clock Delay (DCD):    4.786ns = ( 14.786 - 10.000 ) 
    Source Clock Delay      (SCD):    5.086ns
    Clock Pessimism Removal (CPR):    0.300ns
  Clock Uncertainty:      0.035ns  ((TSJ^2 + TIJ^2)^1/2 + DJ) / 2 + PE
    Total System Jitter     (TSJ):    0.071ns
    Total Input Jitter      (TIJ):    0.000ns
    Discrete Jitter          (DJ):    0.000ns
    Phase Error              (PE):    0.000ns

    Location             Delay type                Incr(ns)  Path(ns)    Netlist Resource(s)
  -------------------------------------------------------------------    -------------------
                         (clock sys_clk_pin rise edge)
                                                      0.000     0.000 r  
    W5                                                0.000     0.000 r  mclk (IN)
                         net (fo=0)                   0.000     0.000    mclk
    W5                   IBUF (Prop_ibuf_I_O)         1.458     1.458 r  mclk_IBUF_inst/O
                         net (fo=1, routed)           1.967     3.425    mclk_IBUF
    BUFGCTRL_X0Y1        BUFG (Prop_bufg_I_O)         0.096     3.521 r  mclk_IBUF_BUFG_inst/O
                         net (fo=3, routed)           1.565     5.086    mclk_IBUF_BUFG
    SLICE_X36Y46         FDRE                                         r  sclkdiv_reg[0]/C
  -------------------------------------------------------------------    -------------------
    SLICE_X36Y46         FDRE (Prop_fdre_C_Q)         0.456     5.542 r  sclkdiv_reg[0]/Q
                         net (fo=3, routed)           0.669     6.211    sclkdiv[0]
    SLICE_X36Y46         LUT3 (Prop_lut3_I1_O)        0.124     6.335 r  sclk_unbuf_i_1/O
                         net (fo=1, routed)           0.000     6.335    sclk_unbuf_i_1_n_0
    SLICE_X36Y46         FDRE                                         r  sclk_unbuf_reg/D
  -------------------------------------------------------------------    -------------------

                         (clock sys_clk_pin rise edge)
                                                     10.000    10.000 r  
    W5                                                0.000    10.000 r  mclk (IN)
                         net (fo=0)                   0.000    10.000    mclk
    W5                   IBUF (Prop_ibuf_I_O)         1.388    11.388 r  mclk_IBUF_inst/O
                         net (fo=1, routed)           1.862    13.250    mclk_IBUF
    BUFGCTRL_X0Y1        BUFG (Prop_bufg_I_O)         0.091    13.341 r  mclk_IBUF_BUFG_inst/O
                         net (fo=3, routed)           1.445    14.786    mclk_IBUF_BUFG
    SLICE_X36Y46         FDRE                                         r  sclk_unbuf_reg/C
                         clock pessimism              0.300    15.086    
                         clock uncertainty           -0.035    15.051    
    SLICE_X36Y46         FDRE (Setup_fdre_C_D)        0.029    15.080    sclk_unbuf_reg
  -------------------------------------------------------------------
                         required time                         15.080    
                         arrival time                          -6.335    
  -------------------------------------------------------------------
                         slack                                  8.745    

Slack (MET) :             8.763ns  (required time - arrival time)
  Source:                 sclkdiv_reg[0]/C
                            (rising edge-triggered cell FDRE clocked by sys_clk_pin  {rise@0.000ns fall@5.000ns period=10.000ns})
  Destination:            sclkdiv_reg[1]/D
                            (rising edge-triggered cell FDRE clocked by sys_clk_pin  {rise@0.000ns fall@5.000ns period=10.000ns})
  Path Group:             sys_clk_pin
  Path Type:              Setup (Max at Slow Process Corner)
  Requirement:            10.000ns  (sys_clk_pin rise@10.000ns - sys_clk_pin rise@0.000ns)
  Data Path Delay:        1.277ns  (logic 0.608ns (47.610%)  route 0.669ns (52.390%))
  Logic Levels:           1  (LUT2=1)
  Clock Path Skew:        0.000ns (DCD - SCD + CPR)
    Destination Clock Delay (DCD):    4.786ns = ( 14.786 - 10.000 ) 
    Source Clock Delay      (SCD):    5.086ns
    Clock Pessimism Removal (CPR):    0.300ns
  Clock Uncertainty:      0.035ns  ((TSJ^2 + TIJ^2)^1/2 + DJ) / 2 + PE
    Total System Jitter     (TSJ):    0.071ns
    Total Input Jitter      (TIJ):    0.000ns
    Discrete Jitter          (DJ):    0.000ns
    Phase Error              (PE):    0.000ns

    Location             Delay type                Incr(ns)  Path(ns)    Netlist Resource(s)
  -------------------------------------------------------------------    -------------------
                         (clock sys_clk_pin rise edge)
                                                      0.000     0.000 r  
    W5                                                0.000     0.000 r  mclk (IN)
                         net (fo=0)                   0.000     0.000    mclk
    W5                   IBUF (Prop_ibuf_I_O)         1.458     1.458 r  mclk_IBUF_inst/O
                         net (fo=1, routed)           1.967     3.425    mclk_IBUF
    BUFGCTRL_X0Y1        BUFG (Prop_bufg_I_O)         0.096     3.521 r  mclk_IBUF_BUFG_inst/O
                         net (fo=3, routed)           1.565     5.086    mclk_IBUF_BUFG
    SLICE_X36Y46         FDRE                                         r  sclkdiv_reg[0]/C
  -------------------------------------------------------------------    -------------------
    SLICE_X36Y46         FDRE (Prop_fdre_C_Q)         0.456     5.542 f  sclkdiv_reg[0]/Q
                         net (fo=3, routed)           0.669     6.211    sclkdiv[0]
    SLICE_X36Y46         LUT2 (Prop_lut2_I1_O)        0.152     6.363 r  sclkdiv[1]_i_1/O
                         net (fo=1, routed)           0.000     6.363    sclkdiv[1]_i_1_n_0
    SLICE_X36Y46         FDRE                                         r  sclkdiv_reg[1]/D
  -------------------------------------------------------------------    -------------------

                         (clock sys_clk_pin rise edge)
                                                     10.000    10.000 r  
    W5                                                0.000    10.000 r  mclk (IN)
                         net (fo=0)                   0.000    10.000    mclk
    W5                   IBUF (Prop_ibuf_I_O)         1.388    11.388 r  mclk_IBUF_inst/O
                         net (fo=1, routed)           1.862    13.250    mclk_IBUF
    BUFGCTRL_X0Y1        BUFG (Prop_bufg_I_O)         0.091    13.341 r  mclk_IBUF_BUFG_inst/O
                         net (fo=3, routed)           1.445    14.786    mclk_IBUF_BUFG
    SLICE_X36Y46         FDRE                                         r  sclkdiv_reg[1]/C
                         clock pessimism              0.300    15.086    
                         clock uncertainty           -0.035    15.051    
    SLICE_X36Y46         FDRE (Setup_fdre_C_D)        0.075    15.126    sclkdiv_reg[1]
  -------------------------------------------------------------------
                         required time                         15.126    
                         arrival time                          -6.363    
  -------------------------------------------------------------------
                         slack                                  8.763    





Min Delay Paths
--------------------------------------------------------------------------------------
Slack (MET) :             0.280ns  (arrival time - required time)
  Source:                 sclk_unbuf_reg/C
                            (rising edge-triggered cell FDRE clocked by sys_clk_pin  {rise@0.000ns fall@5.000ns period=10.000ns})
  Destination:            sclk_unbuf_reg/D
                            (rising edge-triggered cell FDRE clocked by sys_clk_pin  {rise@0.000ns fall@5.000ns period=10.000ns})
  Path Group:             sys_clk_pin
  Path Type:              Hold (Min at Fast Process Corner)
  Requirement:            0.000ns  (sys_clk_pin rise@0.000ns - sys_clk_pin rise@0.000ns)
  Data Path Delay:        0.371ns  (logic 0.186ns (50.162%)  route 0.185ns (49.838%))
  Logic Levels:           1  (LUT3=1)
  Clock Path Skew:        0.000ns (DCD - SCD - CPR)
    Destination Clock Delay (DCD):    1.959ns
    Source Clock Delay      (SCD):    1.446ns
    Clock Pessimism Removal (CPR):    0.513ns

    Location             Delay type                Incr(ns)  Path(ns)    Netlist Resource(s)
  -------------------------------------------------------------------    -------------------
                         (clock sys_clk_pin rise edge)
                                                      0.000     0.000 r  
    W5                                                0.000     0.000 r  mclk (IN)
                         net (fo=0)                   0.000     0.000    mclk
    W5                   IBUF (Prop_ibuf_I_O)         0.226     0.226 r  mclk_IBUF_inst/O
                         net (fo=1, routed)           0.631     0.858    mclk_IBUF
    BUFGCTRL_X0Y1        BUFG (Prop_bufg_I_O)         0.026     0.884 r  mclk_IBUF_BUFG_inst/O
                         net (fo=3, routed)           0.563     1.446    mclk_IBUF_BUFG
    SLICE_X36Y46         FDRE                                         r  sclk_unbuf_reg/C
  -------------------------------------------------------------------    -------------------
    SLICE_X36Y46         FDRE (Prop_fdre_C_Q)         0.141     1.587 r  sclk_unbuf_reg/Q
                         net (fo=2, routed)           0.185     1.772    I
    SLICE_X36Y46         LUT3 (Prop_lut3_I2_O)        0.045     1.817 r  sclk_unbuf_i_1/O
                         net (fo=1, routed)           0.000     1.817    sclk_unbuf_i_1_n_0
    SLICE_X36Y46         FDRE                                         r  sclk_unbuf_reg/D
  -------------------------------------------------------------------    -------------------

                         (clock sys_clk_pin rise edge)
                                                      0.000     0.000 r  
    W5                                                0.000     0.000 r  mclk (IN)
                         net (fo=0)                   0.000     0.000    mclk
    W5                   IBUF (Prop_ibuf_I_O)         0.414     0.414 r  mclk_IBUF_inst/O
                         net (fo=1, routed)           0.685     1.099    mclk_IBUF
    BUFGCTRL_X0Y1        BUFG (Prop_bufg_I_O)         0.029     1.128 r  mclk_IBUF_BUFG_inst/O
                         net (fo=3, routed)           0.832     1.959    mclk_IBUF_BUFG
    SLICE_X36Y46         FDRE                                         r  sclk_unbuf_reg/C
                         clock pessimism             -0.513     1.446    
    SLICE_X36Y46         FDRE (Hold_fdre_C_D)         0.091     1.537    sclk_unbuf_reg
  -------------------------------------------------------------------
                         required time                         -1.537    
                         arrival time                           1.817    
  -------------------------------------------------------------------
                         slack                                  0.280    

Slack (MET) :             0.283ns  (arrival time - required time)
  Source:                 sclkdiv_reg[1]/C
                            (rising edge-triggered cell FDRE clocked by sys_clk_pin  {rise@0.000ns fall@5.000ns period=10.000ns})
  Destination:            sclkdiv_reg[1]/D
                            (rising edge-triggered cell FDRE clocked by sys_clk_pin  {rise@0.000ns fall@5.000ns period=10.000ns})
  Path Group:             sys_clk_pin
  Path Type:              Hold (Min at Fast Process Corner)
  Requirement:            0.000ns  (sys_clk_pin rise@0.000ns - sys_clk_pin rise@0.000ns)
  Data Path Delay:        0.390ns  (logic 0.230ns (58.916%)  route 0.160ns (41.084%))
  Logic Levels:           1  (LUT2=1)
  Clock Path Skew:        0.000ns (DCD - SCD - CPR)
    Destination Clock Delay (DCD):    1.959ns
    Source Clock Delay      (SCD):    1.446ns
    Clock Pessimism Removal (CPR):    0.513ns

    Location             Delay type                Incr(ns)  Path(ns)    Netlist Resource(s)
  -------------------------------------------------------------------    -------------------
                         (clock sys_clk_pin rise edge)
                                                      0.000     0.000 r  
    W5                                                0.000     0.000 r  mclk (IN)
                         net (fo=0)                   0.000     0.000    mclk
    W5                   IBUF (Prop_ibuf_I_O)         0.226     0.226 r  mclk_IBUF_inst/O
                         net (fo=1, routed)           0.631     0.858    mclk_IBUF
    BUFGCTRL_X0Y1        BUFG (Prop_bufg_I_O)         0.026     0.884 r  mclk_IBUF_BUFG_inst/O
                         net (fo=3, routed)           0.563     1.446    mclk_IBUF_BUFG
    SLICE_X36Y46         FDRE                                         r  sclkdiv_reg[1]/C
  -------------------------------------------------------------------    -------------------
    SLICE_X36Y46         FDRE (Prop_fdre_C_Q)         0.128     1.574 r  sclkdiv_reg[1]/Q
                         net (fo=2, routed)           0.160     1.735    sclkdiv[1]
    SLICE_X36Y46         LUT2 (Prop_lut2_I0_O)        0.102     1.837 r  sclkdiv[1]_i_1/O
                         net (fo=1, routed)           0.000     1.837    sclkdiv[1]_i_1_n_0
    SLICE_X36Y46         FDRE                                         r  sclkdiv_reg[1]/D
  -------------------------------------------------------------------    -------------------

                         (clock sys_clk_pin rise edge)
                                                      0.000     0.000 r  
    W5                                                0.000     0.000 r  mclk (IN)
                         net (fo=0)                   0.000     0.000    mclk
    W5                   IBUF (Prop_ibuf_I_O)         0.414     0.414 r  mclk_IBUF_inst/O
                         net (fo=1, routed)           0.685     1.099    mclk_IBUF
    BUFGCTRL_X0Y1        BUFG (Prop_bufg_I_O)         0.029     1.128 r  mclk_IBUF_BUFG_inst/O
                         net (fo=3, routed)           0.832     1.959    mclk_IBUF_BUFG
    SLICE_X36Y46         FDRE                                         r  sclkdiv_reg[1]/C
                         clock pessimism             -0.513     1.446    
    SLICE_X36Y46         FDRE (Hold_fdre_C_D)         0.107     1.553    sclkdiv_reg[1]
  -------------------------------------------------------------------
                         required time                         -1.553    
                         arrival time                           1.837    
  -------------------------------------------------------------------
                         slack                                  0.283    

Slack (MET) :             0.330ns  (arrival time - required time)
  Source:                 sclkdiv_reg[0]/C
                            (rising edge-triggered cell FDRE clocked by sys_clk_pin  {rise@0.000ns fall@5.000ns period=10.000ns})
  Destination:            sclkdiv_reg[0]/D
                            (rising edge-triggered cell FDRE clocked by sys_clk_pin  {rise@0.000ns fall@5.000ns period=10.000ns})
  Path Group:             sys_clk_pin
  Path Type:              Hold (Min at Fast Process Corner)
  Requirement:            0.000ns  (sys_clk_pin rise@0.000ns - sys_clk_pin rise@0.000ns)
  Data Path Delay:        0.422ns  (logic 0.186ns (44.105%)  route 0.236ns (55.895%))
  Logic Levels:           1  (LUT1=1)
  Clock Path Skew:        0.000ns (DCD - SCD - CPR)
    Destination Clock Delay (DCD):    1.959ns
    Source Clock Delay      (SCD):    1.446ns
    Clock Pessimism Removal (CPR):    0.513ns

    Location             Delay type                Incr(ns)  Path(ns)    Netlist Resource(s)
  -------------------------------------------------------------------    -------------------
                         (clock sys_clk_pin rise edge)
                                                      0.000     0.000 r  
    W5                                                0.000     0.000 r  mclk (IN)
                         net (fo=0)                   0.000     0.000    mclk
    W5                   IBUF (Prop_ibuf_I_O)         0.226     0.226 r  mclk_IBUF_inst/O
                         net (fo=1, routed)           0.631     0.858    mclk_IBUF
    BUFGCTRL_X0Y1        BUFG (Prop_bufg_I_O)         0.026     0.884 r  mclk_IBUF_BUFG_inst/O
                         net (fo=3, routed)           0.563     1.446    mclk_IBUF_BUFG
    SLICE_X36Y46         FDRE                                         r  sclkdiv_reg[0]/C
  -------------------------------------------------------------------    -------------------
    SLICE_X36Y46         FDRE (Prop_fdre_C_Q)         0.141     1.587 f  sclkdiv_reg[0]/Q
                         net (fo=3, routed)           0.236     1.823    sclkdiv[0]
    SLICE_X36Y46         LUT1 (Prop_lut1_I0_O)        0.045     1.868 r  sclkdiv[0]_i_1/O
                         net (fo=1, routed)           0.000     1.868    sclkdiv[0]_i_1_n_0
    SLICE_X36Y46         FDRE                                         r  sclkdiv_reg[0]/D
  -------------------------------------------------------------------    -------------------

                         (clock sys_clk_pin rise edge)
                                                      0.000     0.000 r  
    W5                                                0.000     0.000 r  mclk (IN)
                         net (fo=0)                   0.000     0.000    mclk
    W5                   IBUF (Prop_ibuf_I_O)         0.414     0.414 r  mclk_IBUF_inst/O
                         net (fo=1, routed)           0.685     1.099    mclk_IBUF
    BUFGCTRL_X0Y1        BUFG (Prop_bufg_I_O)         0.029     1.128 r  mclk_IBUF_BUFG_inst/O
                         net (fo=3, routed)           0.832     1.959    mclk_IBUF_BUFG
    SLICE_X36Y46         FDRE                                         r  sclkdiv_reg[0]/C
                         clock pessimism             -0.513     1.446    
    SLICE_X36Y46         FDRE (Hold_fdre_C_D)         0.092     1.538    sclkdiv_reg[0]
  -------------------------------------------------------------------
                         required time                         -1.538    
                         arrival time                           1.868    
  -------------------------------------------------------------------
                         slack                                  0.330    





Pulse Width Checks
--------------------------------------------------------------------------------------
Clock Name:         sys_clk_pin
Waveform(ns):       { 0.000 5.000 }
Period(ns):         10.000
Sources:            { mclk }

Check Type        Corner  Lib Pin  Reference Pin  Required(ns)  Actual(ns)  Slack(ns)  Location       Pin
Min Period        n/a     BUFG/I   n/a            2.155         10.000      7.845      BUFGCTRL_X0Y1  mclk_IBUF_BUFG_inst/I
Min Period        n/a     FDRE/C   n/a            1.000         10.000      9.000      SLICE_X36Y46   sclk_unbuf_reg/C
Min Period        n/a     FDRE/C   n/a            1.000         10.000      9.000      SLICE_X36Y46   sclkdiv_reg[0]/C
Min Period        n/a     FDRE/C   n/a            1.000         10.000      9.000      SLICE_X36Y46   sclkdiv_reg[1]/C
Low Pulse Width   Slow    FDRE/C   n/a            0.500         5.000       4.500      SLICE_X36Y46   sclk_unbuf_reg/C
Low Pulse Width   Slow    FDRE/C   n/a            0.500         5.000       4.500      SLICE_X36Y46   sclkdiv_reg[0]/C
Low Pulse Width   Slow    FDRE/C   n/a            0.500         5.000       4.500      SLICE_X36Y46   sclkdiv_reg[1]/C
Low Pulse Width   Fast    FDRE/C   n/a            0.500         5.000       4.500      SLICE_X36Y46   sclk_unbuf_reg/C
Low Pulse Width   Fast    FDRE/C   n/a            0.500         5.000       4.500      SLICE_X36Y46   sclkdiv_reg[0]/C
Low Pulse Width   Fast    FDRE/C   n/a            0.500         5.000       4.500      SLICE_X36Y46   sclkdiv_reg[1]/C
High Pulse Width  Fast    FDRE/C   n/a            0.500         5.000       4.500      SLICE_X36Y46   sclk_unbuf_reg/C
High Pulse Width  Fast    FDRE/C   n/a            0.500         5.000       4.500      SLICE_X36Y46   sclkdiv_reg[0]/C
High Pulse Width  Fast    FDRE/C   n/a            0.500         5.000       4.500      SLICE_X36Y46   sclkdiv_reg[1]/C
High Pulse Width  Slow    FDRE/C   n/a            0.500         5.000       4.500      SLICE_X36Y46   sclk_unbuf_reg/C
High Pulse Width  Slow    FDRE/C   n/a            0.500         5.000       4.500      SLICE_X36Y46   sclkdiv_reg[0]/C
High Pulse Width  Slow    FDRE/C   n/a            0.500         5.000       4.500      SLICE_X36Y46   sclkdiv_reg[1]/C



